<?xml version="1.0" encoding="UTF-8"?>
<!-- Generated by org.testng.reporters.JUnitReportReporter -->
<testsuite hostname="nafis" failures="0" tests="4" name="SignIn_Login.signIn" time="80.673" errors="0" timestamp="2024-01-31T17:18:25 BDT" skipped="0">
  <testcase classname="SignIn_Login.signIn" name="invalid_id_pass" time="17.466"/>
  <testcase classname="SignIn_Login.signIn" name="invalid_pass" time="17.435"/>
  <testcase classname="SignIn_Login.signIn" name="emptyClick" time="14.659"/>
  <testcase classname="SignIn_Login.signIn" name="forgotPassword" time="31.113"/>
</testsuite> <!-- SignIn_Login.signIn -->
