<?xml version="1.0" encoding="UTF-8"?>
<!-- Generated by org.testng.reporters.JUnitReportReporter -->
<testsuite hostname="DESKTOP-B1H8LCA" failures="0" tests="2" name="SignIn_Login.signIn" time="39.165" errors="0" timestamp="2024-01-27T17:11:31 BDT" skipped="0">
  <testcase classname="SignIn_Login.signIn" name="invalid_id_pass" time="20.163"/>
  <system-out/>
  <testcase classname="SignIn_Login.signIn" name="invalid_pass" time="19.002"/>
  <system-out/>
</testsuite> <!-- SignIn_Login.signIn -->
