<?xml version="1.0" encoding="UTF-8"?>
<!-- Generated by org.testng.reporters.JUnitReportReporter -->
<testsuite hostname="DESKTOP-B1H8LCA" failures="0" tests="1" name="HomePage.homePage" time="15.260" errors="0" timestamp="2024-02-02T23:55:07 BDT" skipped="0">
  <testcase classname="HomePage.homePage" name="footerRULlogo" time="15.260"/>
  <system-out/>
</testsuite> <!-- HomePage.homePage -->
