<?xml version="1.0" encoding="UTF-8"?>
<!-- Generated by org.testng.reporters.JUnitReportReporter -->
<testsuite hostname="DESKTOP-B1H8LCA" failures="0" tests="1" name="HomePage.homePage" time="24.583" errors="0" timestamp="2024-01-27T02:41:32 BDT" skipped="0">
  <testcase classname="HomePage.homePage" name="navigation" time="24.583"/>
  <system-out/>
</testsuite> <!-- HomePage.homePage -->
