<?xml version="1.0" encoding="UTF-8"?>
<!-- Generated by org.testng.reporters.JUnitReportReporter -->
<testsuite hostname="DESKTOP-B1H8LCA" failures="0" tests="4" name="SignIn_Login.signIn" time="90.794" errors="0" timestamp="2024-02-02T23:52:43 BDT" skipped="0">
  <testcase classname="SignIn_Login.signIn" name="invalid_id_pass" time="17.660"/>
  <system-out/>
  <testcase classname="SignIn_Login.signIn" name="invalid_pass" time="22.872"/>
  <system-out/>
  <testcase classname="SignIn_Login.signIn" name="emptyClick" time="15.816"/>
  <system-out/>
  <testcase classname="SignIn_Login.signIn" name="forgotPassword" time="34.446"/>
  <system-out/>
</testsuite> <!-- SignIn_Login.signIn -->
