<?xml version="1.0" encoding="UTF-8"?>
<!-- Generated by org.testng.reporters.JUnitReportReporter -->
<testsuite hostname="nafis" failures="0" tests="1" name="HomePage.homePage" time="6.776" errors="0" timestamp="2024-01-30T16:02:13 BDT" skipped="0">
  <testcase classname="HomePage.homePage" name="titleAndLogoAssert" time="6.776"/>
</testsuite> <!-- HomePage.homePage -->
