<?xml version="1.0" encoding="UTF-8"?>
<!-- Generated by org.testng.reporters.JUnitReportReporter -->
<testsuite hostname="DESKTOP-B1H8LCA" failures="0" tests="5" name="HomePage.homePage" time="137.987" errors="0" timestamp="2024-01-27T17:11:31 BDT" skipped="0">
  <testcase classname="HomePage.homePage" name="titleAndLogoAssert" time="6.903"/>
  <system-out/>
  <testcase classname="HomePage.homePage" name="navigation" time="18.781"/>
  <system-out/>
  <testcase classname="HomePage.homePage" name="footer" time="81.672"/>
  <system-out/>
  <testcase classname="HomePage.homePage" name="footerMail" time="14.901"/>
  <system-out/>
  <testcase classname="HomePage.homePage" name="footerRULlogo" time="15.730"/>
  <system-out/>
</testsuite> <!-- HomePage.homePage -->
