<?xml version="1.0" encoding="UTF-8"?>
<!-- Generated by org.testng.reporters.JUnitReportReporter -->
<testsuite hostname="DESKTOP-B1H8LCA" failures="0" tests="1" name="HomePage.homePage" time="7.164" errors="0" timestamp="2024-01-26T04:57:02 BDT" skipped="0">
  <testcase classname="HomePage.homePage" name="titleMatch" time="7.164"/>
  <system-out/>
</testsuite> <!-- HomePage.homePage -->
